<?xml version="1.0" encoding="UTF-8"?>
<!-- Generated by org.testng.reporters.JUnitReportReporter -->
<testsuite hostname="DEVL02NT04BG3QN" failures="0" tests="2" name="com.seluitest.testCases.TestConfig" time="0.000" errors="0" timestamp="4 Sep 2020 04:20:30 GMT">
  <testcase classname="com.seluitest.testCases.TestConfig" name="testAfterTest" time="0.000"/>
  <testcase classname="com.seluitest.testCases.TestConfig" name="testBeforeTest" time="0.000"/>
</testsuite> <!-- com.seluitest.testCases.TestConfig -->
