<?xml version="1.0" encoding="UTF-8"?>
<!-- Generated by org.testng.reporters.JUnitReportReporter -->
<testsuite hostname="DEVL02NT04BG3QN" name="com.seluitest.testCases.TestOrder" tests="4" failures="0" timestamp="4 Sep 2020 03:46:53 GMT" time="0.001" errors="0">
  <testcase name="testMakeEmptyOrder" time="0.000" classname="com.seluitest.testCases.TestOrder"/>
  <testcase name="testMakeOrder" time="0.001" classname="com.seluitest.testCases.TestOrder"/>
  <testcase name="testFindOrder" time="0.000" classname="com.seluitest.testCases.TestOrder"/>
  <testcase name="testUpdateOrder" time="0.000" classname="com.seluitest.testCases.TestOrder"/>
</testsuite> <!-- com.seluitest.testCases.TestOrder -->
