<?xml version="1.0" encoding="UTF-8"?>
<!-- Generated by org.testng.reporters.JUnitReportReporter -->
<testsuite hostname="DEVL02NT04BG3QN" failures="0" tests="1" name="com.seluitest.testCases.TestBase" time="3.296" errors="0" timestamp="7 Sep 2020 16:25:04 GMT">
  <testcase classname="com.seluitest.testCases.TestBase" name="testGetTitleOfPage" time="3.296"/>
</testsuite> <!-- com.seluitest.testCases.TestBase -->
