<?xml version="1.0" encoding="UTF-8"?>
<!-- Generated by org.testng.reporters.JUnitReportReporter -->
<testsuite hostname="DEVL02NT04BG3QN" failures="0" tests="4" name="com.seluitest.testCases.TestDB" time="0.003" errors="0" timestamp="4 Sep 2020 04:20:30 GMT">
  <testcase classname="com.seluitest.testCases.TestDB" name="testConnectMsSQL" time="0.001"/>
  <testcase classname="com.seluitest.testCases.TestDB" name="testConnectMongoDB" time="0.001"/>
  <testcase classname="com.seluitest.testCases.TestDB" name="testConnectMySQL" time="0.000"/>
  <testcase classname="com.seluitest.testCases.TestDB" name="testConnectOracle" time="0.001"/>
</testsuite> <!-- com.seluitest.testCases.TestDB -->
